<?xml version="1.0" encoding="UTF-8"?>
<testng-results skipped="0" failed="1" total="1" passed="0">
  <reporter-output>
  </reporter-output>
  <suite name="Default suite" duration-ms="340568" started-at="2021-11-15T11:42:24Z" finished-at="2021-11-15T11:48:04Z">
    <groups>
      <group name="cucumber">
        <method signature="AbstractTestNGCucumberTests.feature(cucumber.api.testng.CucumberFeatureWrapper)[pri:0, instance:com.aires.runner.TestRunner@80503]" name="feature" class="cucumber.api.testng.AbstractTestNGCucumberTests"/>
      </group> <!-- cucumber -->
    </groups>
    <test name="Default test" duration-ms="340568" started-at="2021-11-15T11:42:24Z" finished-at="2021-11-15T11:48:04Z">
      <class name="com.aires.runner.TestRunner">
        <test-method status="PASS" signature="setUpClass()[pri:0, instance:com.aires.runner.TestRunner@80503]" name="setUpClass" is-config="true" duration-ms="438" started-at="2021-11-15T06:42:24Z" finished-at="2021-11-15T06:42:24Z">
          <reporter-output>
          </reporter-output>
        </test-method> <!-- setUpClass -->
        <test-method status="PASS" signature="setup()[pri:0, instance:com.aires.runner.TestRunner@80503]" name="setup" is-config="true" duration-ms="103" started-at="2021-11-15T06:42:24Z" finished-at="2021-11-15T06:42:24Z">
          <reporter-output>
          </reporter-output>
        </test-method> <!-- setup -->
        <test-method status="FAIL" signature="feature(cucumber.api.testng.CucumberFeatureWrapper)[pri:0, instance:com.aires.runner.TestRunner@80503]" name="feature" duration-ms="339301" started-at="2021-11-15T06:42:25Z" description="Runs Cucumber Feature" data-provider="features" finished-at="2021-11-15T06:48:04Z">
          <params>
            <param index="0">
              <value>
                <![CDATA[Validate the functionality of Add New Policy]]>
              </value>
            </param>
          </params>
          <exception class="cucumber.runtime.CucumberException">
            <message>
              <![CDATA[java.lang.AssertionError: Fail ::  Failed to verify Policy Name Dropdown field for valid ClientID. expected [true] but found [false]]]>
            </message>
            <full-stacktrace>
              <![CDATA[cucumber.runtime.CucumberException: java.lang.AssertionError: Fail ::  Failed to verify Policy Name Dropdown field for valid ClientID. expected [true] but found [false]
	at cucumber.api.testng.TestNGCucumberRunner.runCucumber(TestNGCucumberRunner.java:69)
	at cucumber.api.testng.AbstractTestNGCucumberTests.feature(AbstractTestNGCucumberTests.java:21)
	at sun.reflect.NativeMethodAccessorImpl.invoke0(Native Method)
	at sun.reflect.NativeMethodAccessorImpl.invoke(Unknown Source)
	at sun.reflect.DelegatingMethodAccessorImpl.invoke(Unknown Source)
	at java.lang.reflect.Method.invoke(Unknown Source)
	at org.testng.internal.MethodInvocationHelper.invokeMethod(MethodInvocationHelper.java:85)
	at org.testng.internal.Invoker.invokeMethod(Invoker.java:639)
	at org.testng.internal.Invoker.invokeTestMethod(Invoker.java:816)
	at org.testng.internal.Invoker.invokeTestMethods(Invoker.java:1124)
	at org.testng.internal.TestMethodWorker.invokeTestMethods(TestMethodWorker.java:125)
	at org.testng.internal.TestMethodWorker.run(TestMethodWorker.java:108)
	at org.testng.TestRunner.privateRun(TestRunner.java:774)
	at org.testng.TestRunner.run(TestRunner.java:624)
	at org.testng.SuiteRunner.runTest(SuiteRunner.java:359)
	at org.testng.SuiteRunner.runSequentially(SuiteRunner.java:354)
	at org.testng.SuiteRunner.privateRun(SuiteRunner.java:312)
	at org.testng.SuiteRunner.run(SuiteRunner.java:261)
	at org.testng.SuiteRunnerWorker.runSuite(SuiteRunnerWorker.java:52)
	at org.testng.SuiteRunnerWorker.run(SuiteRunnerWorker.java:86)
	at org.testng.TestNG.runSuitesSequentially(TestNG.java:1215)
	at org.testng.TestNG.runSuitesLocally(TestNG.java:1140)
	at org.testng.TestNG.run(TestNG.java:1048)
	at org.testng.remote.AbstractRemoteTestNG.run(AbstractRemoteTestNG.java:115)
	at org.testng.remote.RemoteTestNG.initAndRun(RemoteTestNG.java:251)
	at org.testng.remote.RemoteTestNG.main(RemoteTestNG.java:77)
Caused by: java.lang.AssertionError: Fail ::  Failed to verify Policy Name Dropdown field for valid ClientID. expected [true] but found [false]
	at org.testng.Assert.fail(Assert.java:94)
	at org.testng.Assert.failNotEquals(Assert.java:496)
	at org.testng.Assert.assertTrue(Assert.java:42)
	at stepDefinitions.coreFlex.CoreFlex_AddNewPolicy_Steps.policy_Name_dropdown_list_should_be_displayed_having_all_the_policies_tied_to_entered_Client_ID_Name(CoreFlex_AddNewPolicy_Steps.java:67)
	at âœ½.Then 'Policy Name' dropdown list should be displayed having all the policies tied to entered 924 Client ID/Name(coreFlex/CoreFlex_AddNewPolicy.feature:10)
]]>
            </full-stacktrace>
          </exception> <!-- cucumber.runtime.CucumberException -->
          <reporter-output>
          </reporter-output>
        </test-method> <!-- feature -->
        <test-method status="PASS" signature="writeExtentReport()[pri:0, instance:com.aires.runner.TestRunner@80503]" name="writeExtentReport" is-config="true" duration-ms="36" started-at="2021-11-15T06:48:04Z" finished-at="2021-11-15T06:48:04Z">
          <reporter-output>
          </reporter-output>
        </test-method> <!-- writeExtentReport -->
        <test-method status="PASS" signature="tearDownClass()[pri:0, instance:com.aires.runner.TestRunner@80503]" name="tearDownClass" is-config="true" duration-ms="535" started-at="2021-11-15T06:48:04Z" finished-at="2021-11-15T06:48:04Z">
          <reporter-output>
          </reporter-output>
        </test-method> <!-- tearDownClass -->
      </class> <!-- com.aires.runner.TestRunner -->
    </test> <!-- Default test -->
  </suite> <!-- Default suite -->
</testng-results>
